TN:
SF:src\app\account\entity\__test__\account.entity.test.ts
FNF:4
FNH:4
DA:1,50
DA:2,50
DA:5,33
DA:6,48
DA:7,38
DA:8,4
DA:10,40
DA:11,23
DA:12,16
DA:13,32
DA:14,19
DA:15,23
DA:16,28
DA:17,19
DA:18,24
DA:19,23
DA:20,25
DA:21,23
DA:22,25
DA:23,20
DA:24,6
DA:25,49
DA:26,4
DA:28,43
DA:29,21
DA:30,31
DA:31,18
DA:32,23
DA:33,23
DA:34,6
DA:35,33
DA:36,3
DA:37,2
LF:33
LH:33
end_of_record
TN:
SF:src\app\account\entity\account.entity.ts
FNF:1
FNH:1
DA:1,55
DA:3,64
DA:5,53
DA:6,11
DA:7,62
DA:8,51
DA:9,59
DA:10,66
DA:11,11
DA:12,2
LF:10
LH:10
end_of_record
TN:
SF:src\app\account\repository\__test__\account.repository.test.ts
FNF:61
FNH:45
DA:1,50
DA:2,58
DA:4,37
DA:5,57
DA:6,22
DA:7,88
DA:8,14
DA:9,11
DA:10,6
DA:11,47
DA:12,65
DA:13,29
DA:14,4
DA:16,56
DA:17,250
DA:18,22
DA:19,99
DA:20,14
DA:21,11
DA:22,6
DA:23,47
DA:24,62
DA:25,39
DA:26,4
DA:28,48
DA:29,254
DA:30,22
DA:31,14
DA:32,88
DA:33,11
DA:34,6
DA:35,47
DA:36,122
DA:37,36
DA:38,49
DA:39,4
DA:41,50
DA:42,22
DA:43,14
DA:44,95
DA:45,11
DA:46,6
DA:47,47
DA:48,135
DA:49,4
DA:51,54
DA:52,22
DA:53,88
DA:54,14
DA:55,11
DA:56,6
DA:57,47
DA:58,54
DA:59,29
DA:60,4
DA:62,53
DA:63,250
DA:64,22
DA:65,99
DA:66,14
DA:67,11
DA:68,6
DA:69,47
DA:70,48
DA:71,39
DA:72,4
DA:74,48
DA:75,253
DA:76,22
DA:77,14
DA:78,14
DA:79,99
DA:80,6
DA:81,47
DA:82,67
DA:83,42
DA:84,4
DA:86,50
DA:87,22
DA:88,14
DA:89,14
DA:90,106
DA:91,6
DA:92,47
DA:93,80
DA:94,3
DA:95,2
LF:87
LH:87
end_of_record
TN:
SF:src\app\account\repository\account.repository.ts
FNF:9
FNH:9
DA:1,66
DA:3,134
DA:4,113
DA:7,95
DA:9,37
DA:10,58
DA:11,18
DA:12,40
DA:13,76
DA:14,26
DA:15,61
DA:18,28
DA:19,206
DA:20,61
DA:23,32
DA:24,162
DA:25,45
DA:28,40
DA:29,58
DA:30,44
DA:31,88
DA:32,64
DA:33,32
DA:34,39
DA:36,2
LF:25
LH:25
end_of_record
TN:
SF:src\app\account\service\__test__\account.service.test.ts
FNF:21
FNH:17
DA:1,56
DA:2,52
DA:5,34
DA:6,25
DA:7,16
DA:8,30
DA:9,22
DA:10,23
DA:11,26
DA:12,17
DA:13,23
DA:14,21
DA:15,23
DA:16,21
DA:17,23
DA:18,18
DA:19,3
DA:21,1
DA:22,7
DA:28,5
DA:29,24
DA:30,42
DA:31,36
DA:32,32
DA:33,29
DA:34,6
DA:35,37
DA:38,56
DA:39,68
DA:40,65
DA:41,50
DA:42,4
DA:44,57
DA:45,61
DA:46,68
DA:47,29
DA:48,4
DA:50,53
DA:51,65
DA:52,51
DA:53,36
DA:54,4
DA:56,54
DA:57,58
DA:58,53
DA:59,29
DA:60,4
DA:62,46
DA:63,65
DA:64,46
DA:65,43
DA:66,31
DA:67,23
DA:68,28
DA:69,23
DA:70,7
DA:71,49
DA:72,41
DA:73,43
DA:74,3
DA:75,2
LF:61
LH:61
end_of_record
TN:
SF:src\app\account\service\account.service.ts
FNF:4
FNH:4
DA:1,137
DA:6,167
DA:8,38
DA:9,94
DA:12,29
DA:13,82
DA:16,31
DA:17,74
DA:18,48
DA:19,44
DA:20,60
DA:21,88
DA:22,62
DA:23,10
DA:25,2
LF:15
LH:15
end_of_record
TN:
SF:src\app\account\types\__test__\account.types.test.ts
FNF:2
FNH:2
DA:1,50
DA:4,33
DA:5,54
DA:6,21
DA:7,32
DA:8,24
DA:9,34
DA:10,34
DA:11,6
DA:12,49
DA:13,41
DA:14,51
DA:15,48
DA:16,3
DA:17,2
LF:15
LH:15
end_of_record
TN:
SF:src\app\auth\service\__test__\auth.service.test.ts
FNF:32
FNH:28
DA:1,56
DA:2,46
DA:6,28
DA:7,19
DA:8,10
DA:9,14
DA:11,10
DA:12,14
DA:14,10
DA:15,14
DA:17,10
DA:18,14
DA:20,10
DA:21,38
DA:23,2
DA:24,3
DA:27,32
DA:28,47
DA:29,35
DA:30,3
DA:32,31
DA:33,25
DA:34,16
DA:35,30
DA:36,22
DA:37,32
DA:38,84
DA:39,17
DA:40,23
DA:41,21
DA:42,23
DA:43,21
DA:44,23
DA:45,18
DA:46,3
DA:48,1
DA:49,7
DA:53,5
DA:54,34
DA:55,42
DA:56,29
DA:57,6
DA:58,44
DA:61,29
DA:62,53
DA:63,65
DA:64,75
DA:65,45
DA:66,33
DA:67,25
DA:68,27
DA:69,9
DA:70,53
DA:71,59
DA:72,51
DA:73,45
DA:74,6
DA:76,57
DA:77,74
DA:78,7
DA:79,82
DA:80,50
DA:81,4
DA:82,4
DA:84,29
DA:85,55
DA:86,74
DA:87,45
DA:88,34
DA:89,34
DA:90,9
DA:91,53
DA:92,59
DA:93,6
DA:95,50
DA:96,67
DA:97,89
DA:98,27
DA:99,6
DA:100,6
DA:102,55
DA:103,57
DA:104,71
DA:105,86
DA:106,24
DA:107,6
DA:108,6
DA:110,55
DA:113,51
DA:120,57
DA:123,4
DA:124,3
DA:125,2
LF:93
LH:93
end_of_record
TN:
SF:src\app\auth\service\auth.service.ts
FNF:6
FNH:6
DA:1,62
DA:2,70
DA:3,142
DA:4,134
DA:5,85
DA:9,185
DA:11,32
DA:12,144
DA:13,41
DA:14,91
DA:15,9
DA:17,144
DA:18,110
DA:20,112
DA:21,50
DA:22,46
DA:23,46
DA:24,62
DA:25,54
DA:26,14
DA:28,102
DA:30,28
DA:31,52
DA:32,36
DA:33,46
DA:34,58
DA:35,54
DA:36,92
DA:37,10
DA:38,15
DA:41,32
DA:42,142
DA:43,41
DA:44,93
DA:45,9
DA:47,55
DA:48,87
DA:49,9
DA:51,146
DA:52,30
DA:53,49
DA:54,9
DA:56,102
DA:58,28
DA:59,52
DA:60,36
DA:61,46
DA:62,58
DA:63,54
DA:64,92
DA:65,10
DA:66,15
DA:69,32
DA:70,120
DA:72,56
DA:73,74
DA:74,28
DA:75,52
DA:76,48
DA:77,30
DA:79,2
LF:61
LH:61
end_of_record
TN:
SF:src\app\auth\types\__test__\auth.types.test.ts
FNF:4
FNH:4
DA:1,50
DA:4,30
DA:5,47
DA:6,21
DA:7,32
DA:8,24
DA:9,25
DA:10,6
DA:11,49
DA:12,41
DA:13,43
DA:14,4
DA:16,47
DA:17,21
DA:18,32
DA:19,25
DA:20,6
DA:21,49
DA:22,43
DA:23,4
DA:25,46
DA:26,22
DA:27,32
DA:28,18
DA:29,21
DA:30,34
DA:31,26
DA:32,55
DA:33,5
DA:34,6
DA:35,50
DA:36,43
DA:37,3
DA:38,2
LF:34
LH:34
end_of_record
TN:
SF:src\bff\controllers\__test__\system.controller.test.ts
FNF:19
FNH:19
DA:1,50
DA:2,28
DA:3,56
DA:4,62
DA:5,62
DA:7,36
DA:8,23
DA:9,28
DA:10,55
DA:12,42
DA:13,47
DA:14,33
DA:16,34
DA:17,36
DA:18,41
DA:19,43
DA:20,4
DA:22,50
DA:23,54
DA:24,33
DA:26,34
DA:27,37
DA:28,55
DA:29,4
DA:31,51
DA:32,55
DA:33,32
DA:34,4
DA:36,48
DA:37,52
DA:38,32
DA:39,4
DA:41,48
DA:42,52
DA:43,32
DA:44,4
DA:46,48
DA:47,71
DA:48,32
DA:49,4
DA:51,68
DA:52,79
DA:53,33
DA:55,34
DA:56,40
DA:57,46
DA:58,4
DA:60,53
DA:61,57
DA:62,32
DA:63,4
DA:65,48
DA:66,54
DA:67,32
DA:68,3
DA:69,2
LF:56
LH:56
end_of_record
TN:
SF:src\bff\controllers\system.controller.ts
FNF:8
FNH:8
DA:2,122
DA:3,118
DA:4,334
DA:13,132
DA:15,30
DA:16,482
DA:17,83
DA:19,30
DA:20,144
DA:21,135
DA:24,44
DA:25,164
DA:26,109
DA:29,46
DA:30,170
DA:31,117
DA:34,40
DA:35,161
DA:36,111
DA:39,40
DA:40,158
DA:41,97
DA:44,40
DA:45,158
DA:46,107
DA:49,56
DA:50,179
DA:51,108
DA:52,116
DA:53,104
DA:54,11
DA:57,50
DA:58,173
DA:59,112
DA:61,2
DA:63,105
LF:36
LH:36
end_of_record
TN:
SF:src\bff\services\__test__\services.test.ts
FNF:13
FNH:11
DA:1,50
DA:2,57
DA:4,36
DA:5,36
DA:6,41
DA:7,38
DA:8,3
DA:9,3
DA:11,34
DA:12,37
DA:13,67
DA:14,40
DA:15,4
DA:17,49
DA:18,67
DA:19,31
DA:20,103
DA:21,11
DA:22,6
DA:23,56
DA:24,91
DA:25,37
DA:26,41
DA:27,4
DA:29,49
DA:30,67
DA:31,31
DA:32,14
DA:33,101
DA:34,6
DA:35,56
DA:36,80
DA:37,38
DA:38,39
DA:39,3
DA:40,2
LF:36
LH:36
end_of_record
TN:
SF:src\bff\services\auth-bff.service.ts
FNF:3
FNH:3
DA:1,131
DA:5,161
DA:7,33
DA:8,86
DA:11,33
DA:12,80
DA:14,2
LF:7
LH:7
end_of_record
TN:
SF:src\bff\services\system-bff.service.ts
FNF:2
FNH:2
DA:1,31
DA:2,5
DA:4,8
DA:5,14
LF:4
LH:4
end_of_record
TN:
SF:src\bff\types\response\__test__\base-response.test.ts
FNF:5
FNH:5
DA:1,50
DA:4,37
DA:5,55
DA:6,49
DA:7,35
DA:8,33
DA:9,4
DA:11,57
DA:12,19
DA:13,20
DA:14,23
DA:15,28
DA:16,6
DA:17,40
DA:18,4
DA:20,63
DA:21,25
DA:22,14
DA:23,15
DA:24,22
DA:25,17
DA:26,6
DA:27,19
DA:28,20
DA:29,27
DA:30,32
DA:31,29
DA:32,6
DA:33,49
DA:34,4
DA:36,53
DA:37,19
DA:38,21
DA:39,31
DA:40,31
DA:41,6
DA:42,36
DA:43,37
DA:44,3
DA:45,2
LF:40
LH:40
end_of_record
TN:
SF:src\configs\__test__\env.test.ts
FNF:9
FNH:9
DA:1,56
DA:2,48
DA:4,30
DA:5,67
DA:6,43
DA:7,38
DA:8,29
DA:9,40
DA:10,44
DA:11,48
DA:12,46
DA:13,4
DA:15,40
DA:16,57
DA:17,38
DA:18,29
DA:19,38
DA:20,4
DA:22,47
DA:23,58
DA:24,59
DA:25,40
DA:26,33
DA:27,42
DA:28,2
DA:29,4
DA:31,42
DA:32,63
DA:33,37
DA:34,4
DA:36,42
DA:37,43
DA:38,38
DA:39,29
DA:40,75
DA:41,47
DA:42,50
DA:43,4
DA:45,56
DA:46,68
DA:47,34
DA:48,28
DA:50,38
DA:51,42
DA:53,46
DA:55,32
DA:56,26
DA:57,3
DA:58,2
LF:49
LH:49
end_of_record
TN:
SF:src\configs\__test__\error-handler.test.ts
FNF:26
FNH:26
DA:1,50
DA:2,28
DA:3,48
DA:4,155
DA:14,6
DA:15,23
DA:16,28
DA:17,11
DA:20,32
DA:21,50
DA:22,28
DA:23,29
DA:24,38
DA:25,6
DA:26,43
DA:27,33
DA:28,34
DA:29,37
DA:30,42
DA:31,4
DA:33,52
DA:34,28
DA:35,29
DA:36,27
DA:37,6
DA:38,43
DA:39,32
DA:40,4
DA:42,49
DA:43,28
DA:44,29
DA:45,24
DA:46,6
DA:47,43
DA:48,32
DA:49,4
DA:51,48
DA:52,28
DA:53,29
DA:54,23
DA:55,6
DA:56,43
DA:57,32
DA:58,4
DA:60,48
DA:61,28
DA:62,29
DA:63,23
DA:64,6
DA:65,43
DA:66,32
DA:67,4
DA:69,61
DA:70,28
DA:71,29
DA:72,58
DA:73,6
DA:74,43
DA:75,33
DA:76,34
DA:77,39
DA:78,4
DA:80,54
DA:81,28
DA:82,29
DA:83,29
DA:84,6
DA:85,43
DA:86,32
DA:87,4
DA:89,45
DA:90,28
DA:91,29
DA:92,29
DA:93,6
DA:94,43
DA:95,33
DA:96,34
DA:97,54
DA:98,3
DA:99,2
LF:81
LH:81
end_of_record
TN:
SF:src\configs\__test__\logger.test.ts
FNF:20
FNH:20
DA:1,56
DA:3,26
DA:4,41
DA:5,49
DA:6,33
DA:7,48
DA:8,49
DA:9,47
DA:10,4
DA:12,49
DA:13,49
DA:14,57
DA:15,4
DA:17,38
DA:18,55
DA:19,36
DA:20,48
DA:21,4
DA:23,54
DA:24,63
DA:25,34
DA:26,22
DA:27,36
DA:28,34
DA:29,53
DA:30,4
DA:32,62
DA:33,59
DA:34,56
DA:35,39
DA:36,48
DA:37,4
DA:39,66
DA:40,59
DA:41,60
DA:42,38
DA:43,4
DA:45,46
DA:46,52
DA:47,58
DA:48,4
DA:50,43
DA:51,46
DA:52,44
DA:53,39
DA:54,4
DA:56,55
DA:57,53
DA:58,43
DA:59,43
DA:60,21
DA:61,28
DA:62,24
DA:63,7
DA:64,32
DA:65,3
DA:66,2
LF:57
LH:57
end_of_record
TN:
SF:src\configs\database.config.ts
FNF:1
FNH:1
DA:1,52
DA:2,26
DA:3,28
DA:5,31
DA:6,20
DA:7,20
DA:8,20
DA:9,28
DA:10,24
DA:11,13
DA:12,9
DA:13,10
DA:14,25
DA:15,31
DA:16,16
DA:17,3
DA:19,43
LF:17
LH:17
end_of_record
TN:
SF:src\configs\env.ts
FNF:1
FNH:1
DA:1,24
DA:3,36
DA:4,40
DA:5,67
DA:6,41
DA:7,41
DA:8,43
DA:9,43
DA:10,42
DA:11,38
DA:12,42
DA:13,68
DA:14,47
DA:15,43
DA:16,3
DA:18,11
DA:19,50
DA:20,25
DA:21,52
DA:22,39
DA:23,18
DA:24,2
DA:25,19
DA:28,32
LF:24
LH:24
end_of_record
TN:
SF:src\configs\error-handler.ts
FNF:1
FNH:1
DA:2,39
DA:3,34
DA:5,17
DA:6,33
DA:7,23
DA:8,90
DA:9,14
DA:10,7
DA:11,21
DA:12,33
DA:13,47
DA:14,3
DA:15,17
DA:16,1
DA:17,2
DA:19,76
DA:20,72
LF:17
LH:17
end_of_record
TN:
SF:src\configs\exception.ts
FNF:8
FNH:8
DA:2,13
DA:3,18
DA:4,102
DA:5,67
DA:6,10
DA:7,38
DA:8,75
DA:10,2
DA:12,95
DA:13,89
DA:14,63
DA:16,2
DA:18,99
DA:19,75
DA:20,47
DA:22,2
DA:24,93
DA:25,69
DA:26,47
DA:28,2
DA:30,91
DA:31,69
DA:32,47
DA:34,2
DA:36,91
DA:37,67
DA:38,47
DA:40,2
DA:42,95
DA:43,99
DA:44,63
DA:46,2
DA:48,103
DA:49,93
DA:50,47
DA:52,1
LF:36
LH:36
end_of_record
TN:
SF:src\configs\logger.ts
FNF:6
FNH:5
DA:1,30
DA:2,28
DA:4,17
DA:5,11
DA:6,10
DA:7,10
DA:8,10
DA:9,9
DA:10,2
DA:12,17
DA:13,15
DA:14,17
DA:15,16
DA:16,18
DA:17,15
DA:18,2
DA:20,26
DA:22,30
DA:23,150
DA:24,3
DA:25,3
DA:26,65
DA:28,55
DA:30,47
DA:31,65
DA:32,40
DA:33,68
DA:34,43
DA:35,23
DA:36,17
DA:38,21
DA:39,37
DA:40,24
DA:41,25
DA:42,32
DA:43,2
DA:44,6
DA:45,32
DA:46,14
DA:47,32
DA:48,48
DA:49,51
DA:50,2
DA:51,16
DA:52,8
DA:53,2
DA:55,45
DA:56,39
DA:57,1
DA:58,3
DA:60,48
DA:61,65
DA:62,40
DA:63,21
DA:64,3
DA:66,27
DA:67,24
DA:68,38
DA:69,22
DA:70,47
DA:71,4
DA:72,4
DA:74,26
DA:75,16
DA:76,35
DA:77,33
DA:78,21
DA:79,25
DA:80,24
DA:81,16
DA:82,4
DA:83,35
DA:84,36
DA:85,25
DA:86,24
DA:87,16
DA:88,2
DA:89,4
DA:90,2
DA:92,18
DA:95,64
DA:97,45
DA:98,23
DA:99,9
DA:100,13
DA:101,19
DA:102,2
DA:104,12
DA:105,15
DA:106,31
DA:108,1
LF:91
LH:91
end_of_record
TN:
SF:src\lib\__test__\base.entity.test.ts
FNF:5
FNH:5
DA:1,50
DA:3,31
DA:4,63
DA:5,64
DA:6,34
DA:7,32
DA:8,37
DA:9,4
DA:11,57
DA:12,60
DA:13,30
DA:14,37
DA:15,33
DA:16,3
DA:17,2
LF:15
LH:15
end_of_record
TN:
SF:src\lib\__test__\response-helper.test.ts
FNF:11
FNH:11
DA:1,50
DA:2,52
DA:4,34
DA:5,38
DA:6,40
DA:7,50
DA:8,4
DA:10,47
DA:11,41
DA:12,56
DA:13,4
DA:15,51
DA:16,52
DA:17,63
DA:18,4
DA:20,39
DA:21,61
DA:22,35
DA:23,61
DA:24,4
DA:26,46
DA:27,45
DA:28,38
DA:29,4
DA:31,56
DA:32,34
DA:33,86
DA:35,35
DA:36,45
DA:37,42
DA:38,14
DA:39,15
DA:40,21
DA:41,17
DA:42,5
DA:43,4
DA:45,55
DA:46,82
DA:47,49
DA:48,4
DA:50,49
DA:51,82
DA:52,49
DA:53,4
DA:55,49
DA:56,61
DA:57,94
DA:58,4
DA:60,52
DA:61,54
DA:62,68
DA:63,36
DA:64,50
DA:65,34
DA:66,3
DA:67,2
LF:56
LH:56
end_of_record
TN:
SF:src\lib\__test__\route-registry.test.ts
FNF:15
FNH:13
DA:1,50
DA:2,28
DA:3,48
DA:4,84
DA:6,39
DA:7,17
DA:8,113
DA:9,23
DA:10,79
DA:11,21
DA:13,3
DA:15,45
DA:16,25
DA:17,59
DA:18,53
DA:19,33
DA:20,39
DA:21,4
DA:23,53
DA:24,25
DA:25,59
DA:26,54
DA:27,32
DA:28,4
DA:30,46
DA:31,19
DA:32,131
DA:33,22
DA:34,85
DA:35,28
DA:37,5
DA:39,25
DA:40,82
DA:41,54
DA:42,51
DA:43,41
DA:44,45
DA:45,3
DA:46,3
DA:48,31
DA:49,72
DA:50,35
DA:51,45
DA:52,3
DA:53,3
DA:55,33
DA:56,63
DA:57,37
DA:58,54
DA:59,52
DA:60,3
DA:61,2
LF:52
LH:52
end_of_record
TN:
SF:src\lib\__test__\string-utils.test.ts
FNF:18
FNH:18
DA:1,50
DA:2,132
DA:10,32
DA:11,33
DA:12,59
DA:13,30
DA:14,34
DA:15,38
DA:16,6
DA:18,44
DA:19,73
DA:20,41
DA:21,4
DA:22,4
DA:24,45
DA:25,59
DA:26,42
DA:27,33
DA:28,34
DA:29,6
DA:31,43
DA:32,56
DA:33,54
DA:34,4
DA:35,4
DA:37,45
DA:38,61
DA:39,53
DA:40,82
DA:41,4
DA:42,4
DA:44,34
DA:45,42
DA:46,59
DA:47,6
DA:49,44
DA:50,61
DA:51,6
DA:53,41
DA:54,37
DA:55,6
DA:57,46
DA:58,59
DA:59,4
DA:60,4
DA:62,43
DA:63,56
DA:64,42
DA:65,35
DA:66,40
DA:67,6
DA:69,43
DA:70,54
DA:71,4
DA:72,3
DA:73,2
LF:56
LH:56
end_of_record
TN:
SF:src\lib\base.entity.ts
FNF:2
FNH:2
DA:1,63
DA:2,44
DA:4,49
DA:5,43
DA:7,26
DA:8,35
DA:9,13
DA:10,29
DA:11,2
DA:13,28
DA:14,52
DA:15,57
DA:16,25
DA:17,12
DA:18,53
DA:19,59
DA:20,53
DA:21,59
DA:22,51
DA:23,1
LF:20
LH:20
end_of_record
TN:
SF:src\lib\decorators\controller.decorator.ts
FNF:2
FNH:2
DA:2,48
DA:4,24
DA:5,23
DA:6,32
LF:4
LH:4
end_of_record
TN:
SF:src\lib\decorators\index.ts
FNF:1
FNH:1
DA:1,52
DA:2,66
DA:3,55
LF:3
LH:3
end_of_record
TN:
SF:src\lib\decorators\route.decorator.ts
FNF:3
FNH:3
DA:2,49
DA:10,12
DA:11,21
DA:12,51
DA:13,69
DA:14,57
DA:19,47
DA:20,49
DA:21,47
DA:22,51
DA:23,52
LF:11
LH:11
end_of_record
TN:
SF:src\lib\response-helper.ts
FNF:5
FNH:4
DA:3,21
DA:4,15
DA:5,58
DA:8,33
DA:9,62
DA:12,1
DA:13,6
DA:14,15
DA:19,5
DA:20,14
DA:21,20
DA:22,25
DA:23,26
DA:24,25
DA:25,33
DA:26,33
DA:27,44
DA:28,73
DA:29,5
DA:30,9
DA:33,31
DA:34,43
LF:22
LH:22
end_of_record
TN:
SF:src\lib\route-registry.ts
FNF:3
FNH:3
DA:15,25
DA:17,40
DA:18,35
DA:19,16
DA:20,41
DA:21,30
DA:22,2
DA:23,47
DA:26,27
DA:27,35
DA:28,16
DA:29,37
DA:30,30
DA:31,11
DA:32,30
DA:36,41
DA:37,42
DA:38,55
DA:39,28
DA:41,92
DA:42,40
DA:43,42
DA:44,53
DA:45,51
DA:46,2
DA:47,1
LF:26
LH:26
end_of_record
TN:
SF:src\lib\string-utils.ts
FNF:8
FNH:8
DA:1,11
DA:2,47
DA:5,21
DA:6,56
DA:7,54
DA:8,20
DA:9,36
DA:10,28
DA:11,2
DA:12,16
DA:15,15
DA:16,66
DA:19,16
DA:20,13
DA:21,13
DA:22,16
DA:23,72
DA:24,10
DA:27,21
DA:28,133
DA:29,54
DA:30,16
DA:31,36
DA:32,24
DA:33,2
DA:34,11
LF:26
LH:26
end_of_record
TN:
SF:src\middlewares\__test__\request-logger.test.ts
FNF:20
FNH:20
DA:1,50
DA:2,28
DA:3,50
DA:4,59
DA:6,44
DA:7,42
DA:8,25
DA:9,34
DA:10,40
DA:11,43
DA:12,33
DA:13,55
DA:14,59
DA:15,4
DA:17,41
DA:18,25
DA:19,34
DA:20,40
DA:21,43
DA:22,39
DA:23,4
DA:25,35
DA:26,25
DA:27,34
DA:28,47
DA:29,33
DA:30,54
DA:31,4
DA:33,36
DA:34,25
DA:35,34
DA:36,30
DA:37,67
DA:38,44
DA:39,33
DA:40,54
DA:41,4
DA:43,53
DA:44,25
DA:45,34
DA:46,29
DA:47,49
DA:48,22
DA:49,6
DA:50,43
DA:51,32
DA:52,4
DA:54,48
DA:55,25
DA:56,34
DA:57,40
DA:58,35
DA:59,46
DA:60,37
DA:61,7
DA:62,32
DA:63,3
DA:64,2
LF:58
LH:58
end_of_record
TN:
SF:src\middlewares\request-logger.ts
FNF:3
FNH:3
DA:2,43
DA:3,37
DA:5,11
DA:6,23
DA:7,29
DA:8,29
DA:9,28
DA:10,11
DA:11,58
DA:12,29
DA:13,14
DA:14,55
DA:15,50
DA:16,54
DA:18,49
DA:20,17
DA:22,40
DA:23,29
DA:25,23
DA:26,16
DA:27,13
DA:28,11
DA:29,13
DA:30,32
DA:31,9
DA:32,44
DA:33,16
DA:34,6
DA:36,64
DA:38,25
DA:39,35
DA:40,31
DA:41,34
DA:42,56
DA:43,44
DA:44,13
DA:45,38
LF:37
LH:37
end_of_record
